2025-11-12 17:40:08,675 - INFO - Драйверы настроены, подключение к сайту успешно.
2025-11-12 17:40:08,675 - INFO - Запускаем парсинг врачей...
2025-11-12 17:40:12,387 - INFO - HTML успешно получен
2025-11-12 17:40:12,422 - INFO - Данные доктора получены из HTML
2025-11-12 17:40:12,422 - INFO - Успешная запись информации о враче (1/1000).
2025-11-12 17:40:15,454 - INFO - HTML успешно получен
2025-11-12 17:40:15,484 - INFO - Данные доктора получены из HTML
2025-11-12 17:40:15,484 - INFO - Успешная запись информации о враче (2/1000).
2025-11-12 17:40:18,498 - INFO - HTML успешно получен
2025-11-12 17:40:18,519 - INFO - Данные доктора получены из HTML
2025-11-12 17:40:18,527 - INFO - Успешная запись информации о враче (3/1000).
2025-11-12 17:40:21,722 - INFO - HTML успешно получен
2025-11-12 17:40:21,751 - INFO - Данные доктора получены из HTML
2025-11-12 17:40:21,753 - INFO - Успешная запись информации о враче (4/1000).
2025-11-12 17:40:24,840 - INFO - HTML успешно получен
2025-11-12 17:40:24,879 - INFO - Данные доктора получены из HTML
2025-11-12 17:40:24,879 - INFO - Успешная запись информации о враче (5/1000).
2025-11-12 17:40:27,964 - INFO - HTML успешно получен
2025-11-12 17:40:28,010 - INFO - Данные доктора получены из HTML
2025-11-12 17:40:28,013 - INFO - Успешная запись информации о враче (6/1000).
2025-11-12 17:40:31,413 - INFO - HTML успешно получен
2025-11-12 17:40:31,441 - INFO - Данные доктора получены из HTML
2025-11-12 17:40:31,441 - INFO - Успешная запись информации о враче (7/1000).
2025-11-12 17:40:34,472 - INFO - HTML успешно получен
2025-11-12 17:40:34,502 - INFO - Данные доктора получены из HTML
2025-11-12 17:40:34,502 - INFO - Успешная запись информации о враче (8/1000).
2025-11-12 17:40:38,257 - INFO - HTML успешно получен
2025-11-12 17:40:38,304 - INFO - Данные доктора получены из HTML
2025-11-12 17:40:38,312 - INFO - Успешная запись информации о враче (9/1000).
2025-11-12 17:40:41,475 - INFO - HTML успешно получен
2025-11-12 17:40:41,504 - INFO - Данные доктора получены из HTML
2025-11-12 17:40:41,504 - INFO - Успешная запись информации о враче (10/1000).
2025-11-12 17:40:44,754 - INFO - HTML успешно получен
2025-11-12 17:40:44,795 - INFO - Данные доктора получены из HTML
2025-11-12 17:40:44,795 - INFO - Успешная запись информации о враче (11/1000).
2025-11-12 17:40:47,672 - INFO - HTML успешно получен
2025-11-12 17:40:47,704 - INFO - Данные доктора получены из HTML
2025-11-12 17:40:47,705 - INFO - Успешная запись информации о враче (12/1000).
2025-11-12 17:40:50,616 - INFO - HTML успешно получен
2025-11-12 17:40:50,649 - INFO - Данные доктора получены из HTML
2025-11-12 17:40:50,651 - INFO - Успешная запись информации о враче (13/1000).
2025-11-12 17:40:53,651 - INFO - HTML успешно получен
2025-11-12 17:40:53,670 - INFO - Данные доктора получены из HTML
2025-11-12 17:40:53,670 - INFO - Успешная запись информации о враче (14/1000).
2025-11-12 17:40:56,788 - INFO - HTML успешно получен
2025-11-12 17:40:56,816 - INFO - Данные доктора получены из HTML
2025-11-12 17:40:56,816 - INFO - Успешная запись информации о враче (15/1000).
2025-11-12 17:40:59,984 - INFO - HTML успешно получен
2025-11-12 17:41:00,017 - INFO - Данные доктора получены из HTML
2025-11-12 17:41:00,020 - INFO - Успешная запись информации о враче (16/1000).
2025-11-12 17:41:05,587 - INFO - HTML успешно получен
2025-11-12 17:41:05,619 - INFO - Данные доктора получены из HTML
2025-11-12 17:41:05,620 - INFO - Успешная запись информации о враче (17/1000).
2025-11-12 17:41:08,667 - INFO - HTML успешно получен
2025-11-12 17:41:08,690 - INFO - Данные доктора получены из HTML
2025-11-12 17:41:08,694 - INFO - Успешная запись информации о враче (18/1000).
2025-11-12 17:41:11,750 - INFO - HTML успешно получен
2025-11-12 17:41:11,765 - INFO - Данные доктора получены из HTML
2025-11-12 17:41:11,767 - INFO - Успешная запись информации о враче (19/1000).
2025-11-12 17:41:14,927 - INFO - HTML успешно получен
2025-11-12 17:41:14,950 - INFO - Данные доктора получены из HTML
2025-11-12 17:41:14,950 - INFO - Успешная запись информации о враче (20/1000).
2025-11-12 17:41:17,985 - INFO - HTML успешно получен
2025-11-12 17:41:18,011 - INFO - Данные доктора получены из HTML
2025-11-12 17:41:18,014 - INFO - Успешная запись информации о враче (21/1000).
2025-11-12 17:41:20,295 - INFO - HTML успешно получен
